<?xml version="1.0" encoding="UTF-8"?>
<!-- Generated by org.testng.reporters.JUnitReportReporter -->
<testsuite hostname="LAPTOP-C2Q8BJ3N" failures="0" tests="3" name="com.tutorialsninja.qa.testcases.Search" time="9.033" errors="0" timestamp="2024-07-04T12:34:56 IST" skipped="0">
  <testcase classname="com.tutorialsninja.qa.testcases.Search" name="verifySearchWithValidProduct" time="3.131"/>
  <system-out/>
  <testcase classname="com.tutorialsninja.qa.testcases.Search" name="verifySearchWithInvalidProduct" time="2.959"/>
  <system-out/>
  <testcase classname="com.tutorialsninja.qa.testcases.Search" name="verifySearchWithoutProduct" time="2.943"/>
  <system-out/>
</testsuite> <!-- com.tutorialsninja.qa.testcases.Search -->
