<?xml version="1.0" encoding="UTF-8"?>
<!-- Generated by org.testng.reporters.JUnitReportReporter -->
<testsuite hostname="LAPTOP-C2Q8BJ3N" failures="0" tests="2" name="com.tutorialsninja.qa.testcases.ShoppingCart" time="9.713" errors="0" timestamp="2024-07-04T12:34:56 IST" skipped="0">
  <testcase classname="com.tutorialsninja.qa.testcases.ShoppingCart" name="verifyAddingTheProductToCartFromProductDisplayPage" time="4.459"/>
  <system-out/>
  <testcase classname="com.tutorialsninja.qa.testcases.ShoppingCart" name="verifyAddingTheProductToCartFromWishListPage" time="5.254"/>
  <system-out/>
</testsuite> <!-- com.tutorialsninja.qa.testcases.ShoppingCart -->
